<?xml version="1.0" encoding="UTF-8"?>
<!-- Generated by org.testng.reporters.JUnitXMLReporter -->
<testsuite hostname="DESKTOP-C01PVB3" ignored="10" name="Default test" tests="1" failures="0" timestamp="15 Apr 2020 08:47:25 GMT" time="115.018" errors="0">
  <testcase name="mandatory_Name_For_CapabilityGroup_Test" time="2.018" classname="com.testcases.SettingsPageTest"/>
  <testcase name="disable_Group_Test" time="0.0" classname="com.testcases.SettingsPageTest">
    <ignored/>
  </testcase> <!-- disable_Group_Test -->
  <testcase name="verify_Delete_network_specific_tag_Test" time="0.0" classname="com.testcases.SettingsPageTest">
    <ignored/>
  </testcase> <!-- verify_Delete_network_specific_tag_Test -->
  <testcase name="verify_Add_network_tag_without_tag_name_and_verify_error_msg" time="0.0" classname="com.testcases.SettingsPageTest">
    <ignored/>
  </testcase> <!-- verify_Add_network_tag_without_tag_name_and_verify_error_msg -->
  <testcase name="verify_Create_network_specific_tag_and_verify_it_in_Networkdashboard_and_Companies_page_select_tag_options_Test" time="0.0" classname="com.testcases.SettingsPageTest">
    <ignored/>
  </testcase> <!-- verify_Create_network_specific_tag_and_verify_it_in_Networkdashboard_and_Companies_page_select_tag_options_Test -->
  <testcase name="verify_Already_ExistedGroup_Test" time="0.0" classname="com.testcases.SettingsPageTest">
    <ignored/>
  </testcase> <!-- verify_Already_ExistedGroup_Test -->
  <testcase name="delete_Group_Test" time="0.0" classname="com.testcases.SettingsPageTest">
    <ignored/>
  </testcase> <!-- delete_Group_Test -->
  <testcase name="create_CapabilityGroup_Test" time="0.0" classname="com.testcases.SettingsPageTest">
    <ignored/>
  </testcase> <!-- create_CapabilityGroup_Test -->
  <testcase name="verify_Settings_page_Test" time="0.0" classname="com.testcases.SettingsPageTest">
    <ignored/>
  </testcase> <!-- verify_Settings_page_Test -->
  <testcase name="verify_Network_menu_invisibility_after_unckecking_options_for_the_network_connected_user_Test" time="0.0" classname="com.testcases.SettingsPageTest">
    <ignored/>
  </testcase> <!-- verify_Network_menu_invisibility_after_unckecking_options_for_the_network_connected_user_Test -->
  <testcase name="verify_Default_visibility_of_network_menu_for_the_network_connected_user_Test" time="0.0" classname="com.testcases.SettingsPageTest">
    <ignored/>
  </testcase> <!-- verify_Default_visibility_of_network_menu_for_the_network_connected_user_Test -->
</testsuite> <!-- Default test -->
