<?xml version="1.0" encoding="UTF-8"?>
<testng-results skipped="0" failed="0" ignored="10" total="11" passed="1">
  <reporter-output>
    <line>
      <![CDATA[Please enter Group name displayed]]>
    </line>
  </reporter-output>
  <suite name="Default suite" duration-ms="115018" started-at="2020-04-15T08:45:29Z" finished-at="2020-04-15T08:47:25Z">
    <groups>
    </groups>
    <test name="Default test" duration-ms="115018" started-at="2020-04-15T08:45:29Z" finished-at="2020-04-15T08:47:25Z">
      <class name="com.testcases.SettingsPageTest">
        <test-method status="PASS" signature="setUp()[pri:0, instance:com.testcases.SettingsPageTest@57fffcd7]" name="setUp" is-config="true" duration-ms="111927" started-at="2020-04-15T08:45:30Z" finished-at="2020-04-15T08:47:21Z">
          <reporter-output>
          </reporter-output>
        </test-method> <!-- setUp -->
        <test-method status="PASS" signature="mandatory_Name_For_CapabilityGroup_Test()[pri:0, instance:com.testcases.SettingsPageTest@57fffcd7]" name="mandatory_Name_For_CapabilityGroup_Test" duration-ms="2018" started-at="2020-04-15T08:47:21Z" finished-at="2020-04-15T08:47:23Z">
          <reporter-output>
            <line>
              <![CDATA[Please enter Group name displayed]]>
            </line>
          </reporter-output>
        </test-method> <!-- mandatory_Name_For_CapabilityGroup_Test -->
        <test-method status="PASS" signature="tearDown()[pri:0, instance:com.testcases.SettingsPageTest@57fffcd7]" name="tearDown" is-config="true" duration-ms="1042" started-at="2020-04-15T08:47:23Z" finished-at="2020-04-15T08:47:25Z">
          <reporter-output>
          </reporter-output>
        </test-method> <!-- tearDown -->
      </class> <!-- com.testcases.SettingsPageTest -->
    </test> <!-- Default test -->
  </suite> <!-- Default suite -->
</testng-results>
